Determining if the pthread_create exist failed with the following output:
Change Dir: /mnt/c/Users/chakra/Documents/GitHub/CppND-Route-Planning-Project/build/CMakeFiles/CMakeTmp

Run Build Command:"/usr/bin/make" "cmTC_63edd/fast"
/usr/bin/make -f CMakeFiles/cmTC_63edd.dir/build.make CMakeFiles/cmTC_63edd.dir/build
make[1]: Entering directory '/mnt/c/Users/chakra/Documents/GitHub/CppND-Route-Planning-Project/build/CMakeFiles/CMakeTmp'
Building C object CMakeFiles/cmTC_63edd.dir/CheckSymbolExists.c.o
/usr/bin/cc    -o CMakeFiles/cmTC_63edd.dir/CheckSymbolExists.c.o   -c /mnt/c/Users/chakra/Documents/GitHub/CppND-Route-Planning-Project/build/CMakeFiles/CMakeTmp/CheckSymbolExists.c
Linking C executable cmTC_63edd
/usr/bin/cmake -E cmake_link_script CMakeFiles/cmTC_63edd.dir/link.txt --verbose=1
/usr/bin/cc      -rdynamic CMakeFiles/cmTC_63edd.dir/CheckSymbolExists.c.o  -o cmTC_63edd 
CMakeFiles/cmTC_63edd.dir/CheckSymbolExists.c.o: In function `main':
CheckSymbolExists.c:(.text+0x1b): undefined reference to `pthread_create'
collect2: error: ld returned 1 exit status
CMakeFiles/cmTC_63edd.dir/build.make:97: recipe for target 'cmTC_63edd' failed
make[1]: *** [cmTC_63edd] Error 1
make[1]: Leaving directory '/mnt/c/Users/chakra/Documents/GitHub/CppND-Route-Planning-Project/build/CMakeFiles/CMakeTmp'
Makefile:126: recipe for target 'cmTC_63edd/fast' failed
make: *** [cmTC_63edd/fast] Error 2

File /mnt/c/Users/chakra/Documents/GitHub/CppND-Route-Planning-Project/build/CMakeFiles/CMakeTmp/CheckSymbolExists.c:
/* */
#include <pthread.h>

int main(int argc, char** argv)
{
  (void)argv;
#ifndef pthread_create
  return ((int*)(&pthread_create))[argc];
#else
  (void)argc;
  return 0;
#endif
}

Determining if the function pthread_create exists in the pthreads failed with the following output:
Change Dir: /mnt/c/Users/chakra/Documents/GitHub/CppND-Route-Planning-Project/build/CMakeFiles/CMakeTmp

Run Build Command:"/usr/bin/make" "cmTC_452ee/fast"
/usr/bin/make -f CMakeFiles/cmTC_452ee.dir/build.make CMakeFiles/cmTC_452ee.dir/build
make[1]: Entering directory '/mnt/c/Users/chakra/Documents/GitHub/CppND-Route-Planning-Project/build/CMakeFiles/CMakeTmp'
Building C object CMakeFiles/cmTC_452ee.dir/CheckFunctionExists.c.o
/usr/bin/cc   -DCHECK_FUNCTION_EXISTS=pthread_create   -o CMakeFiles/cmTC_452ee.dir/CheckFunctionExists.c.o   -c /usr/share/cmake-3.10/Modules/CheckFunctionExists.c
Linking C executable cmTC_452ee
/usr/bin/cmake -E cmake_link_script CMakeFiles/cmTC_452ee.dir/link.txt --verbose=1
/usr/bin/cc  -DCHECK_FUNCTION_EXISTS=pthread_create    -rdynamic CMakeFiles/cmTC_452ee.dir/CheckFunctionExists.c.o  -o cmTC_452ee -lpthreads 
/usr/bin/ld: cannot find -lpthreads
collect2: error: ld returned 1 exit status
CMakeFiles/cmTC_452ee.dir/build.make:97: recipe for target 'cmTC_452ee' failed
make[1]: *** [cmTC_452ee] Error 1
make[1]: Leaving directory '/mnt/c/Users/chakra/Documents/GitHub/CppND-Route-Planning-Project/build/CMakeFiles/CMakeTmp'
Makefile:126: recipe for target 'cmTC_452ee/fast' failed
make: *** [cmTC_452ee/fast] Error 2


